# JRE version: Java(TM) SE Runtime Environment (8.0_51-b16) (build 1.8.0_51-b16)
# Java VM: Java HotSpot(TM) 64-Bit Server VM (25.51-b03 mixed mode windows-amd64 compressed oops)
Heap:
 PSYoungGen      total 503296K, used 13965K [0x000000076ab00000, 0x000000078af80000, 0x00000007c0000000)
  eden space 496128K, 2% used [0x000000076ab00000,0x000000076b8a3510,0x0000000788f80000)
  from space 7168K, 0% used [0x000000078a880000,0x000000078a880000,0x000000078af80000)
  to   space 13312K, 0% used [0x0000000789580000,0x0000000789580000,0x000000078a280000)
 ParOldGen       total 848896K, used 566365K [0x00000006c0000000, 0x00000006f3d00000, 0x000000076ab00000)
  object space 848896K, 66% used [0x00000006c0000000,0x00000006e2917688,0x00000006f3d00000)
 Metaspace       used 91822K, capacity 93511K, committed 93992K, reserved 1130496K
  class space    used 12285K, capacity 12707K, committed 12840K, reserved 1048576K
GC Heap History (10 events):
Event: 94891.015 GC heap before
{Heap before GC invocations=776 (full 11):
 PSYoungGen      total 486400K, used 486084K [0x000000076ab00000, 0x000000078bb00000, 0x00000007c0000000)
  eden space 482304K, 100% used [0x000000076ab00000,0x0000000788200000,0x0000000788200000)
  from space 4096K, 92% used [0x000000078b700000,0x000000078bab12d8,0x000000078bb00000)
  to   space 9216K, 0% used [0x000000078a900000,0x000000078a900000,0x000000078b200000)
 ParOldGen       total 848896K, used 592096K [0x00000006c0000000, 0x00000006f3d00000, 0x000000076ab00000)
  object space 848896K, 69% used [0x00000006c0000000,0x00000006e42382e8,0x00000006f3d00000)
 Metaspace       used 91539K, capacity 93279K, committed 93736K, reserved 1130496K
  class space    used 12258K, capacity 12699K, committed 12840K, reserved 1048576K
Event: 94891.134 GC heap after
Heap after GC invocations=776 (full 11):
 PSYoungGen      total 491520K, used 4001K [0x000000076ab00000, 0x000000078b780000, 0x00000007c0000000)
  eden space 487424K, 0% used [0x000000076ab00000,0x000000076ab00000,0x0000000788700000)
  from space 4096K, 97% used [0x000000078a900000,0x000000078ace8628,0x000000078ad00000)
  to   space 8704K, 0% used [0x000000078af00000,0x000000078af00000,0x000000078b780000)
 ParOldGen       total 848896K, used 592096K [0x00000006c0000000, 0x00000006f3d00000, 0x000000076ab00000)
  object space 848896K, 69% used [0x00000006c0000000,0x00000006e42382e8,0x00000006f3d00000)
 Metaspace       used 91539K, capacity 93279K, committed 93736K, reserved 1130496K
  class space    used 12258K, capacity 12699K, committed 12840K, reserved 1048576K
}
Event: 94923.343 GC heap before
{Heap before GC invocations=777 (full 11):
 PSYoungGen      total 491520K, used 491425K [0x000000076ab00000, 0x000000078b780000, 0x00000007c0000000)
  eden space 487424K, 100% used [0x000000076ab00000,0x0000000788700000,0x0000000788700000)
  from space 4096K, 97% used [0x000000078a900000,0x000000078ace8628,0x000000078ad00000)
  to   space 8704K, 0% used [0x000000078af00000,0x000000078af00000,0x000000078b780000)
 ParOldGen       total 848896K, used 592096K [0x00000006c0000000, 0x00000006f3d00000, 0x000000076ab00000)
  object space 848896K, 69% used [0x00000006c0000000,0x00000006e42382e8,0x00000006f3d00000)
 Metaspace       used 91694K, capacity 93425K, committed 93736K, reserved 1130496K
  class space    used 12272K, capacity 12702K, committed 12840K, reserved 1048576K
Event: 94923.393 GC heap after
Heap after GC invocations=777 (full 11):
 PSYoungGen      total 496640K, used 4545K [0x000000076ab00000, 0x000000078b380000, 0x00000007c0000000)
  eden space 492032K, 0% used [0x000000076ab00000,0x000000076ab00000,0x0000000788b80000)
  from space 4608K, 98% used [0x000000078af00000,0x000000078b370628,0x000000078b380000)
  to   space 8192K, 0% used [0x000000078a380000,0x000000078a380000,0x000000078ab80000)
 ParOldGen       total 848896K, used 592112K [0x00000006c0000000, 0x00000006f3d00000, 0x000000076ab00000)
  object space 848896K, 69% used [0x00000006c0000000,0x00000006e423c2e8,0x00000006f3d00000)
 Metaspace       used 91694K, capacity 93425K, committed 93736K, reserved 1130496K
  class space    used 12272K, capacity 12702K, committed 12840K, reserved 1048576K
}
Event: 94967.236 GC heap before
{Heap before GC invocations=778 (full 11):
 PSYoungGen      total 496640K, used 496577K [0x000000076ab00000, 0x000000078b380000, 0x00000007c0000000)
  eden space 492032K, 100% used [0x000000076ab00000,0x0000000788b80000,0x0000000788b80000)
  from space 4608K, 98% used [0x000000078af00000,0x000000078b370628,0x000000078b380000)
  to   space 8192K, 0% used [0x000000078a380000,0x000000078a380000,0x000000078ab80000)
 ParOldGen       total 848896K, used 592112K [0x00000006c0000000, 0x00000006f3d00000, 0x000000076ab00000)
  object space 848896K, 69% used [0x00000006c0000000,0x00000006e423c2e8,0x00000006f3d00000)
 Metaspace       used 91763K, capacity 93505K, committed 93992K, reserved 1130496K
  class space    used 12284K, capacity 12706K, committed 12840K, reserved 1048576K
Event: 94967.339 GC heap after
Heap after GC invocations=778 (full 11):
 PSYoungGen      total 501248K, used 4909K [0x000000076ab00000, 0x000000078af80000, 0x00000007c0000000)
  eden space 496128K, 0% used [0x000000076ab00000,0x000000076ab00000,0x0000000788f80000)
  from space 5120K, 95% used [0x000000078a380000,0x000000078a84b798,0x000000078a880000)
  to   space 7168K, 0% used [0x000000078a880000,0x000000078a880000,0x000000078af80000)
 ParOldGen       total 848896K, used 592120K [0x00000006c0000000, 0x00000006f3d00000, 0x000000076ab00000)
  object space 848896K, 69% used [0x00000006c0000000,0x00000006e423e2e8,0x00000006f3d00000)
 Metaspace       used 91763K, capacity 93505K, committed 93992K, reserved 1130496K
  class space    used 12284K, capacity 12706K, committed 12840K, reserved 1048576K
}
Event: 94970.367 GC heap before
{Heap before GC invocations=779 (full 11):
 PSYoungGen      total 501248K, used 169636K [0x000000076ab00000, 0x000000078af80000, 0x00000007c0000000)
  eden space 496128K, 33% used [0x000000076ab00000,0x0000000774bddae0,0x0000000788f80000)
  from space 5120K, 95% used [0x000000078a380000,0x000000078a84b798,0x000000078a880000)
  to   space 7168K, 0% used [0x000000078a880000,0x000000078a880000,0x000000078af80000)
 ParOldGen       total 848896K, used 592120K [0x00000006c0000000, 0x00000006f3d00000, 0x000000076ab00000)
  object space 848896K, 69% used [0x00000006c0000000,0x00000006e423e2e8,0x00000006f3d00000)
 Metaspace       used 91815K, capacity 93511K, committed 93992K, reserved 1130496K
  class space    used 12284K, capacity 12707K, committed 12840K, reserved 1048576K
Event: 94970.429 GC heap after
Heap after GC invocations=779 (full 11):
 PSYoungGen      total 503296K, used 7160K [0x000000076ab00000, 0x000000078af80000, 0x00000007c0000000)
  eden space 496128K, 0% used [0x000000076ab00000,0x000000076ab00000,0x0000000788f80000)
  from space 7168K, 99% used [0x000000078a880000,0x000000078af7e1a8,0x000000078af80000)
  to   space 13312K, 0% used [0x0000000789580000,0x0000000789580000,0x000000078a280000)
 ParOldGen       total 848896K, used 604945K [0x00000006c0000000, 0x00000006f3d00000, 0x000000076ab00000)
  object space 848896K, 71% used [0x00000006c0000000,0x00000006e4ec47d0,0x00000006f3d00000)
 Metaspace       used 91815K, capacity 93511K, committed 93992K, reserved 1130496K
  class space    used 12284K, capacity 12707K, committed 12840K, reserved 1048576K
}
Event: 94970.429 GC heap before
{Heap before GC invocations=780 (full 12):
 PSYoungGen      total 503296K, used 7160K [0x000000076ab00000, 0x000000078af80000, 0x00000007c0000000)
  eden space 496128K, 0% used [0x000000076ab00000,0x000000076ab00000,0x0000000788f80000)
  from space 7168K, 99% used [0x000000078a880000,0x000000078af7e1a8,0x000000078af80000)
  to   space 13312K, 0% used [0x0000000789580000,0x0000000789580000,0x000000078a280000)
 ParOldGen       total 848896K, used 604945K [0x00000006c0000000, 0x00000006f3d00000, 0x000000076ab00000)
  object space 848896K, 71% used [0x00000006c0000000,0x00000006e4ec47d0,0x00000006f3d00000)
 Metaspace       used 91815K, capacity 93511K, committed 93992K, reserved 1130496K
  class space    used 12284K, capacity 12707K, committed 12840K, reserved 1048576K
Event: 94972.948 GC heap after
Heap after GC invocations=780 (full 12):
 PSYoungGen      total 503296K, used 0K [0x000000076ab00000, 0x000000078af80000, 0x00000007c0000000)
  eden space 496128K, 0% used [0x000000076ab00000,0x000000076ab00000,0x0000000788f80000)
  from space 7168K, 0% used [0x000000078a880000,0x000000078a880000,0x000000078af80000)
  to   space 13312K, 0% used [0x0000000789580000,0x0000000789580000,0x000000078a280000)
 ParOldGen       total 848896K, used 566365K [0x00000006c0000000, 0x00000006f3d00000, 0x000000076ab00000)
  object space 848896K, 66% used [0x00000006c0000000,0x00000006e2917688,0x00000006f3d00000)
 Metaspace       used 91815K, capacity 93511K, committed 93992K, reserved 1130496K
  class space    used 12284K, capacity 12707K, committed 12840K, reserved 1048576K
}

