# JRE version: Java(TM) SE Runtime Environment (8.0_51-b16) (build 1.8.0_51-b16)
# Java VM: Java HotSpot(TM) 64-Bit Server VM (25.51-b03 mixed mode windows-amd64 compressed oops)
Heap:
 PSYoungGen      total 2201088K, used 57834K [0x0000000715580000, 0x00000007b3580000, 0x00000007c0000000)
  eden space 2167808K, 2% used [0x0000000715580000,0x0000000718dfaaa8,0x0000000799a80000)
  from space 33280K, 0% used [0x0000000799a80000,0x0000000799a80000,0x000000079bb00000)
  to   space 210432K, 0% used [0x00000007a6800000,0x00000007a6800000,0x00000007b3580000)
 ParOldGen       total 1247744K, used 833196K [0x00000005c0000000, 0x000000060c280000, 0x0000000715580000)
  object space 1247744K, 66% used [0x00000005c0000000,0x00000005f2dab2b8,0x000000060c280000)
 Metaspace       used 100438K, capacity 102619K, committed 102936K, reserved 1136640K
  class space    used 14216K, capacity 14746K, committed 14872K, reserved 1048576K
GC Heap History (10 events):
Event: 2742.018 GC heap before
{Heap before GC invocations=38 (full 8):
 PSYoungGen      total 2021888K, used 1788886K [0x0000000715580000, 0x00000007aeb80000, 0x00000007c0000000)
  eden space 1784320K, 100% used [0x0000000715580000,0x0000000782400000,0x0000000782400000)
  from space 237568K, 1% used [0x0000000782400000,0x0000000782875ba8,0x0000000790c00000)
  to   space 237056K, 0% used [0x00000007a0400000,0x00000007a0400000,0x00000007aeb80000)
 ParOldGen       total 1247744K, used 837095K [0x00000005c0000000, 0x000000060c280000, 0x0000000715580000)
  object space 1247744K, 67% used [0x00000005c0000000,0x00000005f3179f60,0x000000060c280000)
 Metaspace       used 99753K, capacity 101957K, committed 102040K, reserved 1136640K
  class space    used 14154K, capacity 14691K, committed 14744K, reserved 1048576K
Event: 2742.041 GC heap after
Heap after GC invocations=38 (full 8):
 PSYoungGen      total 2192896K, used 6333K [0x0000000715580000, 0x00000007abf80000, 0x00000007c0000000)
  eden space 2000896K, 0% used [0x0000000715580000,0x0000000715580000,0x000000078f780000)
  from space 192000K, 3% used [0x00000007a0400000,0x00000007a0a2f7c8,0x00000007abf80000)
  to   space 233472K, 0% used [0x000000078f780000,0x000000078f780000,0x000000079db80000)
 ParOldGen       total 1247744K, used 837103K [0x00000005c0000000, 0x000000060c280000, 0x0000000715580000)
  object space 1247744K, 67% used [0x00000005c0000000,0x00000005f317bf60,0x000000060c280000)
 Metaspace       used 99753K, capacity 101957K, committed 102040K, reserved 1136640K
  class space    used 14154K, capacity 14691K, committed 14744K, reserved 1048576K
}
Event: 3016.917 GC heap before
{Heap before GC invocations=39 (full 8):
 PSYoungGen      total 2192896K, used 2007229K [0x0000000715580000, 0x00000007abf80000, 0x00000007c0000000)
  eden space 2000896K, 100% used [0x0000000715580000,0x000000078f780000,0x000000078f780000)
  from space 192000K, 3% used [0x00000007a0400000,0x00000007a0a2f7c8,0x00000007abf80000)
  to   space 233472K, 0% used [0x000000078f780000,0x000000078f780000,0x000000079db80000)
 ParOldGen       total 1247744K, used 837103K [0x00000005c0000000, 0x000000060c280000, 0x0000000715580000)
  object space 1247744K, 67% used [0x00000005c0000000,0x00000005f317bf60,0x000000060c280000)
 Metaspace       used 100181K, capacity 102373K, committed 102552K, reserved 1136640K
  class space    used 14194K, capacity 14735K, committed 14744K, reserved 1048576K
Event: 3016.950 GC heap after
Heap after GC invocations=39 (full 8):
 PSYoungGen      total 2234368K, used 7811K [0x0000000715580000, 0x00000007b7c00000, 0x00000007c0000000)
  eden space 2000896K, 0% used [0x0000000715580000,0x0000000715580000,0x000000078f780000)
  from space 233472K, 3% used [0x000000078f780000,0x000000078ff20d68,0x000000079db80000)
  to   space 228352K, 0% used [0x00000007a9d00000,0x00000007a9d00000,0x00000007b7c00000)
 ParOldGen       total 1247744K, used 837111K [0x00000005c0000000, 0x000000060c280000, 0x0000000715580000)
  object space 1247744K, 67% used [0x00000005c0000000,0x00000005f317df60,0x000000060c280000)
 Metaspace       used 100181K, capacity 102373K, committed 102552K, reserved 1136640K
  class space    used 14194K, capacity 14735K, committed 14744K, reserved 1048576K
}
Event: 3248.383 GC heap before
{Heap before GC invocations=40 (full 8):
 PSYoungGen      total 2234368K, used 2008707K [0x0000000715580000, 0x00000007b7c00000, 0x00000007c0000000)
  eden space 2000896K, 100% used [0x0000000715580000,0x000000078f780000,0x000000078f780000)
  from space 233472K, 3% used [0x000000078f780000,0x000000078ff20d68,0x000000079db80000)
  to   space 228352K, 0% used [0x00000007a9d00000,0x00000007a9d00000,0x00000007b7c00000)
 ParOldGen       total 1247744K, used 837111K [0x00000005c0000000, 0x000000060c280000, 0x0000000715580000)
  object space 1247744K, 67% used [0x00000005c0000000,0x00000005f317df60,0x000000060c280000)
 Metaspace       used 100306K, capacity 102511K, committed 102552K, reserved 1136640K
  class space    used 14203K, capacity 14736K, committed 14744K, reserved 1048576K
Event: 3248.409 GC heap after
Heap after GC invocations=40 (full 8):
 PSYoungGen      total 2347520K, used 7651K [0x0000000715580000, 0x00000007b4c80000, 0x00000007c0000000)
  eden space 2167808K, 0% used [0x0000000715580000,0x0000000715580000,0x0000000799a80000)
  from space 179712K, 4% used [0x00000007a9d00000,0x00000007aa478d68,0x00000007b4c80000)
  to   space 222208K, 0% used [0x0000000799a80000,0x0000000799a80000,0x00000007a7380000)
 ParOldGen       total 1247744K, used 837119K [0x00000005c0000000, 0x000000060c280000, 0x0000000715580000)
  object space 1247744K, 67% used [0x00000005c0000000,0x00000005f317ff60,0x000000060c280000)
 Metaspace       used 100306K, capacity 102511K, committed 102552K, reserved 1136640K
  class space    used 14203K, capacity 14736K, committed 14744K, reserved 1048576K
}
Event: 3292.295 GC heap before
{Heap before GC invocations=41 (full 8):
 PSYoungGen      total 2347520K, used 740185K [0x0000000715580000, 0x00000007b4c80000, 0x00000007c0000000)
  eden space 2167808K, 33% used [0x0000000715580000,0x00000007420dd850,0x0000000799a80000)
  from space 179712K, 4% used [0x00000007a9d00000,0x00000007aa478d68,0x00000007b4c80000)
  to   space 222208K, 0% used [0x0000000799a80000,0x0000000799a80000,0x00000007a7380000)
 ParOldGen       total 1247744K, used 837119K [0x00000005c0000000, 0x000000060c280000, 0x0000000715580000)
  object space 1247744K, 67% used [0x00000005c0000000,0x00000005f317ff60,0x000000060c280000)
 Metaspace       used 100420K, capacity 102619K, committed 102936K, reserved 1136640K
  class space    used 14215K, capacity 14746K, committed 14872K, reserved 1048576K
Event: 3292.336 GC heap after
Heap after GC invocations=41 (full 8):
 PSYoungGen      total 2201088K, used 33006K [0x0000000715580000, 0x00000007b3580000, 0x00000007c0000000)
  eden space 2167808K, 0% used [0x0000000715580000,0x0000000715580000,0x0000000799a80000)
  from space 33280K, 99% used [0x0000000799a80000,0x000000079babb850,0x000000079bb00000)
  to   space 210432K, 0% used [0x00000007a6800000,0x00000007a6800000,0x00000007b3580000)
 ParOldGen       total 1247744K, used 837127K [0x00000005c0000000, 0x000000060c280000, 0x0000000715580000)
  object space 1247744K, 67% used [0x00000005c0000000,0x00000005f3181f60,0x000000060c280000)
 Metaspace       used 100420K, capacity 102619K, committed 102936K, reserved 1136640K
  class space    used 14215K, capacity 14746K, committed 14872K, reserved 1048576K
}
Event: 3292.336 GC heap before
{Heap before GC invocations=42 (full 9):
 PSYoungGen      total 2201088K, used 33006K [0x0000000715580000, 0x00000007b3580000, 0x00000007c0000000)
  eden space 2167808K, 0% used [0x0000000715580000,0x0000000715580000,0x0000000799a80000)
  from space 33280K, 99% used [0x0000000799a80000,0x000000079babb850,0x000000079bb00000)
  to   space 210432K, 0% used [0x00000007a6800000,0x00000007a6800000,0x00000007b3580000)
 ParOldGen       total 1247744K, used 837127K [0x00000005c0000000, 0x000000060c280000, 0x0000000715580000)
  object space 1247744K, 67% used [0x00000005c0000000,0x00000005f3181f60,0x000000060c280000)
 Metaspace       used 100420K, capacity 102619K, committed 102936K, reserved 1136640K
  class space    used 14215K, capacity 14746K, committed 14872K, reserved 1048576K
Event: 3295.421 GC heap after
Heap after GC invocations=42 (full 9):
 PSYoungGen      total 2201088K, used 0K [0x0000000715580000, 0x00000007b3580000, 0x00000007c0000000)
  eden space 2167808K, 0% used [0x0000000715580000,0x0000000715580000,0x0000000799a80000)
  from space 33280K, 0% used [0x0000000799a80000,0x0000000799a80000,0x000000079bb00000)
  to   space 210432K, 0% used [0x00000007a6800000,0x00000007a6800000,0x00000007b3580000)
 ParOldGen       total 1247744K, used 833196K [0x00000005c0000000, 0x000000060c280000, 0x0000000715580000)
  object space 1247744K, 66% used [0x00000005c0000000,0x00000005f2dab2b8,0x000000060c280000)
 Metaspace       used 100420K, capacity 102619K, committed 102936K, reserved 1136640K
  class space    used 14215K, capacity 14746K, committed 14872K, reserved 1048576K
}

