# JRE version: Java(TM) SE Runtime Environment (8.0_51-b16) (build 1.8.0_51-b16)
# Java VM: Java HotSpot(TM) 64-Bit Server VM (25.51-b03 mixed mode windows-amd64 compressed oops)
Heap:
 PSYoungGen      total 2331648K, used 335078K [0x0000000715580000, 0x00000007bd100000, 0x00000007c0000000)
  eden space 1980928K, 13% used [0x0000000715580000,0x00000007262b30a8,0x000000078e400000)
  from space 350720K, 16% used [0x00000007a7a80000,0x00000007ab4867e0,0x00000007bd100000)
  to   space 383488K, 0% used [0x000000078e400000,0x000000078e400000,0x00000007a5a80000)
 ParOldGen       total 1320448K, used 1163509K [0x00000005c0000000, 0x0000000610980000, 0x0000000715580000)
  object space 1320448K, 88% used [0x00000005c0000000,0x000000060703d420,0x0000000610980000)
 Metaspace       used 125536K, capacity 128383K, committed 128664K, reserved 1159168K
  class space    used 18320K, capacity 18990K, committed 19112K, reserved 1048576K
GC Heap History (10 events):
Event: 140.708 GC heap before
{Heap before GC invocations=38 (full 7):
 PSYoungGen      total 2292224K, used 64K [0x0000000715580000, 0x00000007bb400000, 0x00000007c0000000)
  eden space 1868288K, 0% used [0x0000000715580000,0x0000000715580000,0x0000000787600000)
  from space 423936K, 0% used [0x0000000787600000,0x0000000787610000,0x00000007a1400000)
  to   space 424960K, 0% used [0x00000007a1500000,0x00000007a1500000,0x00000007bb400000)
 ParOldGen       total 1320448K, used 1116438K [0x00000005c0000000, 0x0000000610980000, 0x0000000715580000)
  object space 1320448K, 84% used [0x00000005c0000000,0x0000000604245b08,0x0000000610980000)
 Metaspace       used 115241K, capacity 117665K, committed 117784K, reserved 1148928K
  class space    used 17295K, capacity 17927K, committed 17960K, reserved 1048576K
Event: 142.345 GC heap after
Heap after GC invocations=38 (full 7):
 PSYoungGen      total 2292224K, used 0K [0x0000000715580000, 0x00000007bb400000, 0x00000007c0000000)
  eden space 1868288K, 0% used [0x0000000715580000,0x0000000715580000,0x0000000787600000)
  from space 423936K, 0% used [0x0000000787600000,0x0000000787600000,0x00000007a1400000)
  to   space 424960K, 0% used [0x00000007a1500000,0x00000007a1500000,0x00000007bb400000)
 ParOldGen       total 1320448K, used 1116438K [0x00000005c0000000, 0x0000000610980000, 0x0000000715580000)
  object space 1320448K, 84% used [0x00000005c0000000,0x0000000604245a50,0x0000000610980000)
 Metaspace       used 115241K, capacity 117665K, committed 117784K, reserved 1148928K
  class space    used 17295K, capacity 17927K, committed 17960K, reserved 1048576K
}
Event: 150.058 GC heap before
{Heap before GC invocations=39 (full 7):
 PSYoungGen      total 2292224K, used 1232894K [0x0000000715580000, 0x00000007bb400000, 0x00000007c0000000)
  eden space 1868288K, 65% used [0x0000000715580000,0x000000076097fbf0,0x0000000787600000)
  from space 423936K, 0% used [0x0000000787600000,0x0000000787600000,0x00000007a1400000)
  to   space 424960K, 0% used [0x00000007a1500000,0x00000007a1500000,0x00000007bb400000)
 ParOldGen       total 1320448K, used 1116438K [0x00000005c0000000, 0x0000000610980000, 0x0000000715580000)
  object space 1320448K, 84% used [0x00000005c0000000,0x0000000604245a50,0x0000000610980000)
 Metaspace       used 122057K, capacity 124713K, committed 124824K, reserved 1155072K
  class space    used 18160K, capacity 18841K, committed 18856K, reserved 1048576K
Event: 150.177 GC heap after
Heap after GC invocations=39 (full 7):
 PSYoungGen      total 2257408K, used 85878K [0x0000000715580000, 0x00000007b9100000, 0x00000007c0000000)
  eden space 1868288K, 0% used [0x0000000715580000,0x0000000715580000,0x0000000787600000)
  from space 389120K, 22% used [0x00000007a1500000,0x00000007a68ddb50,0x00000007b9100000)
  to   space 407040K, 0% used [0x0000000787600000,0x0000000787600000,0x00000007a0380000)
 ParOldGen       total 1320448K, used 1116446K [0x00000005c0000000, 0x0000000610980000, 0x0000000715580000)
  object space 1320448K, 84% used [0x00000005c0000000,0x0000000604247a50,0x0000000610980000)
 Metaspace       used 122057K, capacity 124713K, committed 124824K, reserved 1155072K
  class space    used 18160K, capacity 18841K, committed 18856K, reserved 1048576K
}
Event: 150.177 GC heap before
{Heap before GC invocations=40 (full 8):
 PSYoungGen      total 2257408K, used 85878K [0x0000000715580000, 0x00000007b9100000, 0x00000007c0000000)
  eden space 1868288K, 0% used [0x0000000715580000,0x0000000715580000,0x0000000787600000)
  from space 389120K, 22% used [0x00000007a1500000,0x00000007a68ddb50,0x00000007b9100000)
  to   space 407040K, 0% used [0x0000000787600000,0x0000000787600000,0x00000007a0380000)
 ParOldGen       total 1320448K, used 1116446K [0x00000005c0000000, 0x0000000610980000, 0x0000000715580000)
  object space 1320448K, 84% used [0x00000005c0000000,0x0000000604247a50,0x0000000610980000)
 Metaspace       used 122057K, capacity 124713K, committed 124824K, reserved 1155072K
  class space    used 18160K, capacity 18841K, committed 18856K, reserved 1048576K
Event: 154.314 GC heap after
Heap after GC invocations=40 (full 8):
 PSYoungGen      total 2257408K, used 0K [0x0000000715580000, 0x00000007b9100000, 0x00000007c0000000)
  eden space 1868288K, 0% used [0x0000000715580000,0x0000000715580000,0x0000000787600000)
  from space 389120K, 0% used [0x00000007a1500000,0x00000007a1500000,0x00000007b9100000)
  to   space 407040K, 0% used [0x0000000787600000,0x0000000787600000,0x00000007a0380000)
 ParOldGen       total 1320448K, used 1163493K [0x00000005c0000000, 0x0000000610980000, 0x0000000715580000)
  object space 1320448K, 88% used [0x00000005c0000000,0x0000000607039420,0x0000000610980000)
 Metaspace       used 122057K, capacity 124713K, committed 124824K, reserved 1155072K
  class space    used 18160K, capacity 18841K, committed 18856K, reserved 1048576K
}
Event: 346.315 GC heap before
{Heap before GC invocations=41 (full 8):
 PSYoungGen      total 2257408K, used 1868288K [0x0000000715580000, 0x00000007b9100000, 0x00000007c0000000)
  eden space 1868288K, 100% used [0x0000000715580000,0x0000000787600000,0x0000000787600000)
  from space 389120K, 0% used [0x00000007a1500000,0x00000007a1500000,0x00000007b9100000)
  to   space 407040K, 0% used [0x0000000787600000,0x0000000787600000,0x00000007a0380000)
 ParOldGen       total 1320448K, used 1163493K [0x00000005c0000000, 0x0000000610980000, 0x0000000715580000)
  object space 1320448K, 88% used [0x00000005c0000000,0x0000000607039420,0x0000000610980000)
 Metaspace       used 125389K, capacity 128225K, committed 128280K, reserved 1159168K
  class space    used 18313K, capacity 18983K, committed 18984K, reserved 1048576K
Event: 346.342 GC heap after
Heap after GC invocations=41 (full 8):
 PSYoungGen      total 2275328K, used 30356K [0x0000000715580000, 0x00000007c0000000, 0x00000007c0000000)
  eden space 1868288K, 0% used [0x0000000715580000,0x0000000715580000,0x0000000787600000)
  from space 407040K, 7% used [0x0000000787600000,0x00000007893a5048,0x00000007a0380000)
  to   space 398848K, 0% used [0x00000007a7a80000,0x00000007a7a80000,0x00000007c0000000)
 ParOldGen       total 1320448K, used 1163501K [0x00000005c0000000, 0x0000000610980000, 0x0000000715580000)
  object space 1320448K, 88% used [0x00000005c0000000,0x000000060703b420,0x0000000610980000)
 Metaspace       used 125389K, capacity 128225K, committed 128280K, reserved 1159168K
  class space    used 18313K, capacity 18983K, committed 18984K, reserved 1048576K
}
Event: 604.243 GC heap before
{Heap before GC invocations=42 (full 8):
 PSYoungGen      total 2275328K, used 1898644K [0x0000000715580000, 0x00000007c0000000, 0x00000007c0000000)
  eden space 1868288K, 100% used [0x0000000715580000,0x0000000787600000,0x0000000787600000)
  from space 407040K, 7% used [0x0000000787600000,0x00000007893a5048,0x00000007a0380000)
  to   space 398848K, 0% used [0x00000007a7a80000,0x00000007a7a80000,0x00000007c0000000)
 ParOldGen       total 1320448K, used 1163501K [0x00000005c0000000, 0x0000000610980000, 0x0000000715580000)
  object space 1320448K, 88% used [0x00000005c0000000,0x000000060703b420,0x0000000610980000)
 Metaspace       used 125503K, capacity 128319K, committed 128664K, reserved 1159168K
  class space    used 18320K, capacity 18990K, committed 19112K, reserved 1048576K
Event: 604.355 GC heap after
Heap after GC invocations=42 (full 8):
 PSYoungGen      total 2331648K, used 59417K [0x0000000715580000, 0x00000007bd100000, 0x00000007c0000000)
  eden space 1980928K, 0% used [0x0000000715580000,0x0000000715580000,0x000000078e400000)
  from space 350720K, 16% used [0x00000007a7a80000,0x00000007ab4867e0,0x00000007bd100000)
  to   space 383488K, 0% used [0x000000078e400000,0x000000078e400000,0x00000007a5a80000)
 ParOldGen       total 1320448K, used 1163509K [0x00000005c0000000, 0x0000000610980000, 0x0000000715580000)
  object space 1320448K, 88% used [0x00000005c0000000,0x000000060703d420,0x0000000610980000)
 Metaspace       used 125503K, capacity 128319K, committed 128664K, reserved 1159168K
  class space    used 18320K, capacity 18990K, committed 19112K, reserved 1048576K
}

